mode: set
github.com/mcpmini/mini/internal/ops/cleanup.go:14.84,16.16 2 1
github.com/mcpmini/mini/internal/ops/cleanup.go:16.16,18.3 1 0
github.com/mcpmini/mini/internal/ops/cleanup.go:19.2,21.16 3 1
github.com/mcpmini/mini/internal/ops/cleanup.go:21.16,22.25 1 1
github.com/mcpmini/mini/internal/ops/cleanup.go:22.25,24.4 1 1
github.com/mcpmini/mini/internal/ops/cleanup.go:25.3,25.19 1 0
github.com/mcpmini/mini/internal/ops/cleanup.go:27.2,28.28 2 1
github.com/mcpmini/mini/internal/ops/cleanup.go:31.87,33.15 2 1
github.com/mcpmini/mini/internal/ops/cleanup.go:33.15,35.3 1 1
github.com/mcpmini/mini/internal/ops/cleanup.go:36.2,37.16 2 1
github.com/mcpmini/mini/internal/ops/cleanup.go:37.16,39.3 1 0
github.com/mcpmini/mini/internal/ops/cleanup.go:40.2,40.17 1 1
github.com/mcpmini/mini/internal/ops/cleanup.go:43.99,44.28 1 1
github.com/mcpmini/mini/internal/ops/cleanup.go:44.28,45.60 1 1
github.com/mcpmini/mini/internal/ops/cleanup.go:45.60,46.12 1 1
github.com/mcpmini/mini/internal/ops/cleanup.go:48.3,49.49 2 1
github.com/mcpmini/mini/internal/ops/cleanup.go:49.49,50.12 1 1
github.com/mcpmini/mini/internal/ops/cleanup.go:52.3,56.46 5 1
github.com/mcpmini/mini/internal/ops/cleanup.go:56.46,59.4 2 1
github.com/mcpmini/mini/internal/ops/cleanup.go:60.3,60.12 1 1
github.com/mcpmini/mini/internal/ops/cleanup.go:62.2,62.23 1 1
github.com/mcpmini/mini/internal/ops/projection.go:27.57,30.33 3 1
github.com/mcpmini/mini/internal/ops/projection.go:30.33,31.76 1 1
github.com/mcpmini/mini/internal/ops/projection.go:31.76,33.4 1 1
github.com/mcpmini/mini/internal/ops/projection.go:35.2,35.11 1 1
github.com/mcpmini/mini/internal/ops/projection.go:38.49,39.26 1 1
github.com/mcpmini/mini/internal/ops/projection.go:39.26,40.29 1 1
github.com/mcpmini/mini/internal/ops/projection.go:40.29,42.4 1 1
github.com/mcpmini/mini/internal/ops/projection.go:44.2,44.14 1 1
github.com/mcpmini/mini/internal/ops/projection.go:47.73,49.15 2 1
github.com/mcpmini/mini/internal/ops/projection.go:49.15,51.3 1 1
github.com/mcpmini/mini/internal/ops/projection.go:52.2,53.20 2 1
github.com/mcpmini/mini/internal/ops/projection.go:53.20,55.3 1 0
github.com/mcpmini/mini/internal/ops/projection.go:56.2,57.51 2 1
github.com/mcpmini/mini/internal/ops/projection.go:57.51,59.3 1 0
github.com/mcpmini/mini/internal/ops/projection.go:60.2,61.41 2 1
github.com/mcpmini/mini/internal/ops/projection.go:61.41,63.3 1 1
github.com/mcpmini/mini/internal/ops/projection.go:64.2,64.58 1 1
github.com/mcpmini/mini/internal/ops/projection.go:64.58,66.3 1 0
github.com/mcpmini/mini/internal/ops/projection.go:67.2,67.59 1 1
github.com/mcpmini/mini/internal/ops/server.go:15.66,16.50 1 1
github.com/mcpmini/mini/internal/ops/server.go:16.50,18.3 1 1
github.com/mcpmini/mini/internal/ops/server.go:19.2,20.47 2 1
github.com/mcpmini/mini/internal/ops/server.go:20.47,22.3 1 0
github.com/mcpmini/mini/internal/ops/server.go:23.2,25.55 3 1
github.com/mcpmini/mini/internal/ops/server.go:25.55,27.3 1 0
github.com/mcpmini/mini/internal/ops/server.go:28.2,30.12 3 1
github.com/mcpmini/mini/internal/ops/server.go:34.49,35.47 1 1
github.com/mcpmini/mini/internal/ops/server.go:35.47,37.3 1 1
github.com/mcpmini/mini/internal/ops/server.go:38.2,39.40 2 1
github.com/mcpmini/mini/internal/ops/server.go:39.40,41.3 1 1
github.com/mcpmini/mini/internal/ops/server.go:42.2,42.12 1 1
github.com/mcpmini/mini/cmd/mini/add.go:15.43,15.76 1 0
github.com/mcpmini/mini/cmd/mini/add.go:16.43,16.77 2 0
github.com/mcpmini/mini/cmd/mini/add.go:18.67,30.39 12 0
github.com/mcpmini/mini/cmd/mini/add.go:30.39,32.3 1 0
github.com/mcpmini/mini/cmd/mini/add.go:34.2,34.125 1 0
github.com/mcpmini/mini/cmd/mini/add.go:34.125,36.3 1 0
github.com/mcpmini/mini/cmd/mini/add.go:37.2,37.71 1 0
github.com/mcpmini/mini/cmd/mini/add.go:40.129,41.9 1 0
github.com/mcpmini/mini/cmd/mini/add.go:42.24,43.65 1 0
github.com/mcpmini/mini/cmd/mini/add.go:44.24,45.65 1 0
github.com/mcpmini/mini/cmd/mini/add.go:46.23,47.63 1 0
github.com/mcpmini/mini/cmd/mini/add.go:48.24,49.65 1 0
github.com/mcpmini/mini/cmd/mini/add.go:50.26,51.69 1 0
github.com/mcpmini/mini/cmd/mini/add.go:52.10,53.20 1 0
github.com/mcpmini/mini/cmd/mini/add.go:57.104,58.20 1 0
github.com/mcpmini/mini/cmd/mini/add.go:58.20,60.3 1 0
github.com/mcpmini/mini/cmd/mini/add.go:61.2,64.15 3 0
github.com/mcpmini/mini/cmd/mini/add.go:64.15,72.3 1 0
github.com/mcpmini/mini/cmd/mini/add.go:73.2,73.20 1 0
github.com/mcpmini/mini/cmd/mini/add.go:73.20,75.3 1 0
github.com/mcpmini/mini/cmd/mini/add.go:76.2,81.4 1 0
github.com/mcpmini/mini/cmd/mini/add.go:84.72,85.25 1 0
github.com/mcpmini/mini/cmd/mini/add.go:85.25,87.3 1 0
github.com/mcpmini/mini/cmd/mini/add.go:88.2,88.67 1 0
github.com/mcpmini/mini/cmd/mini/add.go:91.70,92.20 1 0
github.com/mcpmini/mini/cmd/mini/add.go:92.20,94.3 1 0
github.com/mcpmini/mini/cmd/mini/add.go:95.2,96.58 2 0
github.com/mcpmini/mini/cmd/mini/add.go:96.58,98.3 1 0
github.com/mcpmini/mini/cmd/mini/add.go:99.2,100.12 2 0
github.com/mcpmini/mini/cmd/mini/add.go:103.53,105.26 2 0
github.com/mcpmini/mini/cmd/mini/add.go:105.26,108.3 2 0
github.com/mcpmini/mini/cmd/mini/add.go:109.2,109.12 1 0
github.com/mcpmini/mini/cmd/mini/agentconfigs.go:16.41,18.16 2 0
github.com/mcpmini/mini/cmd/mini/agentconfigs.go:18.16,20.3 1 0
github.com/mcpmini/mini/cmd/mini/agentconfigs.go:22.2,24.31 3 0
github.com/mcpmini/mini/cmd/mini/agentconfigs.go:24.31,25.50 1 0
github.com/mcpmini/mini/cmd/mini/agentconfigs.go:25.50,27.4 1 0
github.com/mcpmini/mini/cmd/mini/agentconfigs.go:29.2,29.14 1 0
github.com/mcpmini/mini/cmd/mini/agentconfigs.go:32.46,41.2 3 0
github.com/mcpmini/mini/cmd/mini/agentconfigs.go:43.49,45.22 2 0
github.com/mcpmini/mini/cmd/mini/agentconfigs.go:46.16,47.103 1 0
github.com/mcpmini/mini/cmd/mini/agentconfigs.go:48.17,49.53 1 0
github.com/mcpmini/mini/cmd/mini/agentconfigs.go:49.53,51.4 1 0
github.com/mcpmini/mini/cmd/mini/agentconfigs.go:52.10,53.80 1 0
github.com/mcpmini/mini/cmd/mini/agentconfigs.go:55.2,55.80 1 0
github.com/mcpmini/mini/cmd/mini/agentconfigs.go:58.52,63.2 1 0
github.com/mcpmini/mini/cmd/mini/agentconfigs.go:65.57,73.2 3 0
github.com/mcpmini/mini/cmd/mini/auth.go:18.47,21.20 3 0
github.com/mcpmini/mini/cmd/mini/auth.go:21.20,23.3 1 0
github.com/mcpmini/mini/cmd/mini/auth.go:24.2,26.16 3 0
github.com/mcpmini/mini/cmd/mini/auth.go:26.16,28.3 1 0
github.com/mcpmini/mini/cmd/mini/auth.go:29.2,30.15 2 0
github.com/mcpmini/mini/cmd/mini/auth.go:30.15,32.3 1 0
github.com/mcpmini/mini/cmd/mini/auth.go:33.2,33.48 1 0
github.com/mcpmini/mini/cmd/mini/auth.go:33.48,35.3 1 0
github.com/mcpmini/mini/cmd/mini/auth.go:36.2,36.45 1 0
github.com/mcpmini/mini/cmd/mini/auth.go:39.76,44.16 5 0
github.com/mcpmini/mini/cmd/mini/auth.go:44.16,46.3 1 0
github.com/mcpmini/mini/cmd/mini/auth.go:47.2,47.64 1 0
github.com/mcpmini/mini/cmd/mini/auth.go:47.64,49.3 1 0
github.com/mcpmini/mini/cmd/mini/auth.go:50.2,50.43 1 0
github.com/mcpmini/mini/cmd/mini/auth.go:53.53,54.21 1 0
github.com/mcpmini/mini/cmd/mini/auth.go:54.21,56.3 1 0
github.com/mcpmini/mini/cmd/mini/auth.go:56.8,58.3 1 0
github.com/mcpmini/mini/cmd/mini/auth.go:61.94,62.25 1 0
github.com/mcpmini/mini/cmd/mini/auth.go:62.25,64.49 2 0
github.com/mcpmini/mini/cmd/mini/auth.go:64.49,65.12 1 0
github.com/mcpmini/mini/cmd/mini/auth.go:67.3,67.34 1 0
github.com/mcpmini/mini/cmd/mini/auth.go:71.82,73.26 2 0
github.com/mcpmini/mini/cmd/mini/auth.go:73.26,75.3 1 0
github.com/mcpmini/mini/cmd/mini/auth.go:76.2,76.16 1 0
github.com/mcpmini/mini/cmd/mini/auth.go:76.16,79.3 2 0
github.com/mcpmini/mini/cmd/mini/auth.go:80.2,81.16 2 0
github.com/mcpmini/mini/cmd/mini/auth.go:81.16,83.3 1 0
github.com/mcpmini/mini/cmd/mini/auth.go:84.2,84.34 1 0
github.com/mcpmini/mini/cmd/mini/auth.go:87.127,88.15 1 0
github.com/mcpmini/mini/cmd/mini/auth.go:88.15,90.3 1 0
github.com/mcpmini/mini/cmd/mini/auth.go:91.2,91.26 1 0
github.com/mcpmini/mini/cmd/mini/auth.go:91.26,94.3 2 0
github.com/mcpmini/mini/cmd/mini/auth.go:95.2,96.16 2 0
github.com/mcpmini/mini/cmd/mini/auth.go:96.16,99.3 2 0
github.com/mcpmini/mini/cmd/mini/auth.go:100.2,100.73 1 0
github.com/mcpmini/mini/cmd/mini/auth.go:100.73,102.3 1 0
github.com/mcpmini/mini/cmd/mini/auth.go:103.2,103.23 1 0
github.com/mcpmini/mini/cmd/mini/auth.go:106.65,108.13 2 0
github.com/mcpmini/mini/cmd/mini/auth.go:108.13,110.3 1 0
github.com/mcpmini/mini/cmd/mini/auth.go:111.2,111.23 1 0
github.com/mcpmini/mini/cmd/mini/auth.go:111.23,113.3 1 0
github.com/mcpmini/mini/cmd/mini/auth.go:114.2,114.41 1 0
github.com/mcpmini/mini/cmd/mini/auth.go:117.82,118.25 1 0
github.com/mcpmini/mini/cmd/mini/auth.go:118.25,119.30 1 0
github.com/mcpmini/mini/cmd/mini/auth.go:119.30,121.4 1 0
github.com/mcpmini/mini/cmd/mini/auth.go:123.2,123.12 1 0
github.com/mcpmini/mini/cmd/mini/auth.go:126.36,128.22 2 0
github.com/mcpmini/mini/cmd/mini/auth.go:129.16,130.15 1 0
github.com/mcpmini/mini/cmd/mini/auth.go:131.15,132.19 1 0
github.com/mcpmini/mini/cmd/mini/auth.go:133.17,134.16 1 0
github.com/mcpmini/mini/cmd/mini/auth.go:135.10,136.44 1 0
github.com/mcpmini/mini/cmd/mini/auth.go:138.2,138.39 1 0
github.com/mcpmini/mini/cmd/mini/cleanup.go:10.56,12.16 2 0
github.com/mcpmini/mini/cmd/mini/cleanup.go:12.16,14.3 1 0
github.com/mcpmini/mini/cmd/mini/cleanup.go:15.2,15.18 1 0
github.com/mcpmini/mini/cmd/mini/cleanup.go:15.18,17.3 1 0
github.com/mcpmini/mini/cmd/mini/cleanup.go:17.8,19.3 1 0
github.com/mcpmini/mini/cmd/mini/cleanup.go:20.2,20.12 1 0
github.com/mcpmini/mini/cmd/mini/daemon.go:22.49,25.16 3 0
github.com/mcpmini/mini/cmd/mini/daemon.go:25.16,27.3 1 0
github.com/mcpmini/mini/cmd/mini/daemon.go:28.2,30.40 3 0
github.com/mcpmini/mini/cmd/mini/daemon.go:30.40,32.3 1 0
github.com/mcpmini/mini/cmd/mini/daemon.go:33.2,38.57 6 0
github.com/mcpmini/mini/cmd/mini/daemon.go:41.52,47.2 5 0
github.com/mcpmini/mini/cmd/mini/daemon.go:49.145,51.19 2 0
github.com/mcpmini/mini/cmd/mini/daemon.go:51.19,53.3 1 0
github.com/mcpmini/mini/cmd/mini/daemon.go:54.2,61.40 8 0
github.com/mcpmini/mini/cmd/mini/daemon.go:64.45,66.16 2 0
github.com/mcpmini/mini/cmd/mini/daemon.go:66.16,68.3 1 0
github.com/mcpmini/mini/cmd/mini/daemon.go:69.2,70.9 2 0
github.com/mcpmini/mini/cmd/mini/daemon.go:70.9,72.3 1 0
github.com/mcpmini/mini/cmd/mini/daemon.go:73.2,73.25 1 0
github.com/mcpmini/mini/cmd/mini/daemon.go:76.47,77.81 1 0
github.com/mcpmini/mini/cmd/mini/daemon.go:77.81,79.3 1 0
github.com/mcpmini/mini/cmd/mini/daemon.go:82.56,91.2 1 0
github.com/mcpmini/mini/cmd/mini/daemon.go:93.40,96.16 3 1
github.com/mcpmini/mini/cmd/mini/daemon.go:96.16,99.3 2 1
github.com/mcpmini/mini/cmd/mini/daemon.go:100.2,101.50 2 1
github.com/mcpmini/mini/cmd/mini/daemon.go:101.50,104.3 2 1
github.com/mcpmini/mini/cmd/mini/daemon.go:105.2,107.16 3 1
github.com/mcpmini/mini/cmd/mini/daemon.go:107.16,110.3 2 1
github.com/mcpmini/mini/cmd/mini/daemon.go:111.2,113.66 3 1
github.com/mcpmini/mini/cmd/mini/init.go:17.47,24.52 7 0
github.com/mcpmini/mini/cmd/mini/init.go:24.52,26.3 1 0
github.com/mcpmini/mini/cmd/mini/init.go:27.2,29.18 3 0
github.com/mcpmini/mini/cmd/mini/init.go:29.18,31.3 1 0
github.com/mcpmini/mini/cmd/mini/init.go:32.2,32.28 1 0
github.com/mcpmini/mini/cmd/mini/init.go:35.74,36.16 1 0
github.com/mcpmini/mini/cmd/mini/init.go:36.16,38.3 1 0
github.com/mcpmini/mini/cmd/mini/init.go:39.2,39.42 1 0
github.com/mcpmini/mini/cmd/mini/init.go:42.69,44.23 2 0
github.com/mcpmini/mini/cmd/mini/init.go:44.23,47.3 2 0
github.com/mcpmini/mini/cmd/mini/init.go:48.2,49.28 2 0
github.com/mcpmini/mini/cmd/mini/init.go:49.28,51.17 2 0
github.com/mcpmini/mini/cmd/mini/init.go:51.17,52.12 1 0
github.com/mcpmini/mini/cmd/mini/init.go:54.3,56.13 3 0
github.com/mcpmini/mini/cmd/mini/init.go:58.2,58.14 1 0
github.com/mcpmini/mini/cmd/mini/init.go:61.71,63.41 2 0
github.com/mcpmini/mini/cmd/mini/init.go:63.41,65.3 1 0
github.com/mcpmini/mini/cmd/mini/init.go:66.2,67.16 2 0
github.com/mcpmini/mini/cmd/mini/init.go:67.16,69.3 1 0
github.com/mcpmini/mini/cmd/mini/init.go:70.2,72.10 3 0
github.com/mcpmini/mini/cmd/mini/init.go:75.42,83.62 2 0
github.com/mcpmini/mini/cmd/mini/init.go:83.62,84.22 1 0
github.com/mcpmini/mini/cmd/mini/init.go:84.22,86.4 1 0
github.com/mcpmini/mini/cmd/mini/init.go:87.3,87.19 1 0
github.com/mcpmini/mini/cmd/mini/init.go:89.2,89.13 1 0
github.com/mcpmini/mini/cmd/mini/init.go:92.53,94.16 2 0
github.com/mcpmini/mini/cmd/mini/init.go:94.16,97.3 2 0
github.com/mcpmini/mini/cmd/mini/init.go:98.2,100.16 3 0
github.com/mcpmini/mini/cmd/mini/init.go:100.16,103.3 2 0
github.com/mcpmini/mini/cmd/mini/init.go:104.2,105.35 2 0
github.com/mcpmini/mini/cmd/mini/init.go:105.35,106.112 1 0
github.com/mcpmini/mini/cmd/mini/init.go:106.112,108.4 1 0
github.com/mcpmini/mini/cmd/mini/init.go:110.2,110.21 1 0
github.com/mcpmini/mini/cmd/mini/init.go:113.41,115.39 2 0
github.com/mcpmini/mini/cmd/mini/init.go:115.39,116.21 1 0
github.com/mcpmini/mini/cmd/mini/init.go:116.21,118.4 1 0
github.com/mcpmini/mini/cmd/mini/init.go:120.2,120.11 1 0
github.com/mcpmini/mini/cmd/mini/init.go:123.47,124.91 1 0
github.com/mcpmini/mini/cmd/mini/init.go:124.91,125.74 1 0
github.com/mcpmini/mini/cmd/mini/init.go:125.74,127.4 1 0
github.com/mcpmini/mini/cmd/mini/init.go:129.2,129.12 1 0
github.com/mcpmini/mini/cmd/mini/init.go:132.33,134.19 2 0
github.com/mcpmini/mini/cmd/mini/init.go:134.19,136.3 1 0
github.com/mcpmini/mini/cmd/mini/init.go:137.2,139.23 3 0
github.com/mcpmini/mini/cmd/mini/init.go:139.23,144.3 4 0
github.com/mcpmini/mini/cmd/mini/init.go:145.2,145.28 1 0
github.com/mcpmini/mini/cmd/mini/init.go:145.28,147.3 1 0
github.com/mcpmini/mini/cmd/mini/init.go:150.56,152.29 2 0
github.com/mcpmini/mini/cmd/mini/init.go:152.29,156.3 3 0
github.com/mcpmini/mini/cmd/mini/init.go:157.2,158.64 2 0
github.com/mcpmini/mini/cmd/mini/init.go:161.38,163.26 2 0
github.com/mcpmini/mini/cmd/mini/init.go:163.26,164.14 1 0
github.com/mcpmini/mini/cmd/mini/init.go:164.14,166.4 1 0
github.com/mcpmini/mini/cmd/mini/init.go:168.2,168.34 1 0
github.com/mcpmini/mini/cmd/mini/init.go:171.82,172.36 1 0
github.com/mcpmini/mini/cmd/mini/init.go:172.36,173.14 1 0
github.com/mcpmini/mini/cmd/mini/init.go:173.14,176.4 2 0
github.com/mcpmini/mini/cmd/mini/init.go:177.3,178.22 2 0
github.com/mcpmini/mini/cmd/mini/init.go:178.22,180.4 1 0
github.com/mcpmini/mini/cmd/mini/init.go:181.3,182.36 2 0
github.com/mcpmini/mini/cmd/mini/main.go:60.13,65.46 5 0
github.com/mcpmini/mini/cmd/mini/main.go:65.46,67.3 1 0
github.com/mcpmini/mini/cmd/mini/main.go:68.2,68.18 1 0
github.com/mcpmini/mini/cmd/mini/main.go:68.18,71.3 2 0
github.com/mcpmini/mini/cmd/mini/main.go:72.2,72.33 1 0
github.com/mcpmini/mini/cmd/mini/main.go:78.41,78.77 1 0
github.com/mcpmini/mini/cmd/mini/main.go:79.41,79.77 1 0
github.com/mcpmini/mini/cmd/mini/main.go:80.44,80.85 1 0
github.com/mcpmini/mini/cmd/mini/main.go:81.44,81.88 1 0
github.com/mcpmini/mini/cmd/mini/main.go:82.44,82.88 1 0
github.com/mcpmini/mini/cmd/mini/main.go:83.41,83.59 1 0
github.com/mcpmini/mini/cmd/mini/main.go:84.42,84.81 1 0
github.com/mcpmini/mini/cmd/mini/main.go:89.40,89.74 1 0
github.com/mcpmini/mini/cmd/mini/main.go:92.25,93.16 1 0
github.com/mcpmini/mini/cmd/mini/main.go:93.16,95.3 1 0
github.com/mcpmini/mini/cmd/mini/main.go:98.48,100.19 2 0
github.com/mcpmini/mini/cmd/mini/main.go:100.19,102.3 1 0
github.com/mcpmini/mini/cmd/mini/main.go:103.2,104.9 2 0
github.com/mcpmini/mini/cmd/mini/main.go:104.9,108.3 3 0
github.com/mcpmini/mini/cmd/mini/main.go:109.2,109.22 1 0
github.com/mcpmini/mini/cmd/mini/main.go:112.52,113.42 1 0
github.com/mcpmini/mini/cmd/mini/main.go:113.42,115.3 1 0
github.com/mcpmini/mini/cmd/mini/main.go:115.8,117.3 1 0
github.com/mcpmini/mini/cmd/mini/main.go:120.14,122.2 1 0
github.com/mcpmini/mini/cmd/mini/main.go:124.48,133.16 8 0
github.com/mcpmini/mini/cmd/mini/main.go:133.16,135.3 1 0
github.com/mcpmini/mini/cmd/mini/main.go:136.2,137.37 2 0
github.com/mcpmini/mini/cmd/mini/main.go:137.37,138.57 1 0
github.com/mcpmini/mini/cmd/mini/main.go:138.57,140.4 1 0
github.com/mcpmini/mini/cmd/mini/main.go:142.2,142.81 1 0
github.com/mcpmini/mini/cmd/mini/main.go:145.153,154.60 9 0
github.com/mcpmini/mini/cmd/mini/main.go:154.60,157.3 2 0
github.com/mcpmini/mini/cmd/mini/main.go:158.2,158.23 1 0
github.com/mcpmini/mini/cmd/mini/main.go:161.41,162.20 1 0
github.com/mcpmini/mini/cmd/mini/main.go:162.20,164.3 1 0
github.com/mcpmini/mini/cmd/mini/main.go:165.2,167.23 3 0
github.com/mcpmini/mini/cmd/mini/main.go:170.154,172.29 2 0
github.com/mcpmini/mini/cmd/mini/main.go:172.29,173.20 1 0
github.com/mcpmini/mini/cmd/mini/main.go:173.20,174.51 1 0
github.com/mcpmini/mini/cmd/mini/main.go:174.51,177.5 2 0
github.com/mcpmini/mini/cmd/mini/main.go:180.2,180.51 1 0
github.com/mcpmini/mini/cmd/mini/main.go:180.51,182.3 1 0
github.com/mcpmini/mini/cmd/mini/main.go:183.2,183.12 1 0
github.com/mcpmini/mini/cmd/mini/main.go:186.114,187.16 1 0
github.com/mcpmini/mini/cmd/mini/main.go:187.16,189.3 1 0
github.com/mcpmini/mini/cmd/mini/main.go:190.2,190.66 1 0
github.com/mcpmini/mini/cmd/mini/main.go:193.95,194.20 1 1
github.com/mcpmini/mini/cmd/mini/main.go:194.20,196.3 1 1
github.com/mcpmini/mini/cmd/mini/main.go:197.2,197.62 1 1
github.com/mcpmini/mini/cmd/mini/main.go:202.64,204.15 2 0
github.com/mcpmini/mini/cmd/mini/main.go:204.15,207.17 3 0
github.com/mcpmini/mini/cmd/mini/main.go:207.17,210.4 2 0
github.com/mcpmini/mini/cmd/mini/main.go:212.2,214.56 3 0
github.com/mcpmini/mini/cmd/mini/main.go:217.68,220.2 2 0
github.com/mcpmini/mini/cmd/mini/main.go:222.70,224.20 2 0
github.com/mcpmini/mini/cmd/mini/main.go:224.20,226.3 1 0
github.com/mcpmini/mini/cmd/mini/main.go:227.2,228.15 2 0
github.com/mcpmini/mini/cmd/mini/main.go:228.15,229.58 1 0
github.com/mcpmini/mini/cmd/mini/main.go:229.58,231.4 1 0
github.com/mcpmini/mini/cmd/mini/main.go:233.2,233.14 1 0
github.com/mcpmini/mini/cmd/mini/main.go:236.45,238.2 1 0
github.com/mcpmini/mini/cmd/mini/main.go:240.41,243.2 2 0
github.com/mcpmini/mini/cmd/mini/main.go:248.71,249.34 1 1
github.com/mcpmini/mini/cmd/mini/main.go:249.34,251.3 1 1
github.com/mcpmini/mini/cmd/mini/main.go:252.2,253.16 2 1
github.com/mcpmini/mini/cmd/mini/main.go:253.16,255.3 1 0
github.com/mcpmini/mini/cmd/mini/main.go:256.2,256.16 1 1
github.com/mcpmini/mini/cmd/mini/main.go:256.16,258.3 1 1
github.com/mcpmini/mini/cmd/mini/main.go:259.2,260.44 2 1
github.com/mcpmini/mini/cmd/mini/main.go:263.107,264.39 1 0
github.com/mcpmini/mini/cmd/mini/main.go:264.39,266.3 1 0
github.com/mcpmini/mini/cmd/mini/main.go:267.2,267.17 1 0
github.com/mcpmini/mini/cmd/mini/main.go:267.17,269.3 1 0
github.com/mcpmini/mini/cmd/mini/main.go:272.115,276.16 4 0
github.com/mcpmini/mini/cmd/mini/main.go:276.16,278.3 1 0
github.com/mcpmini/mini/cmd/mini/main.go:279.2,281.12 3 0
github.com/mcpmini/mini/cmd/mini/main.go:281.12,282.74 1 0
github.com/mcpmini/mini/cmd/mini/main.go:282.74,284.4 1 0
github.com/mcpmini/mini/cmd/mini/main.go:286.2,286.16 1 0
github.com/mcpmini/mini/cmd/mini/status.go:17.53,19.16 2 0
github.com/mcpmini/mini/cmd/mini/status.go:19.16,21.3 1 0
github.com/mcpmini/mini/cmd/mini/status.go:22.2,22.23 1 0
github.com/mcpmini/mini/cmd/mini/status.go:22.23,25.3 2 0
github.com/mcpmini/mini/cmd/mini/status.go:26.2,28.29 3 0
github.com/mcpmini/mini/cmd/mini/status.go:28.29,30.3 1 0
github.com/mcpmini/mini/cmd/mini/status.go:31.2,32.12 2 0
github.com/mcpmini/mini/cmd/mini/status.go:35.53,36.24 1 0
github.com/mcpmini/mini/cmd/mini/status.go:36.24,38.3 1 0
github.com/mcpmini/mini/cmd/mini/status.go:39.2,39.21 1 0
github.com/mcpmini/mini/cmd/mini/status.go:42.50,43.18 1 0
github.com/mcpmini/mini/cmd/mini/status.go:43.18,45.3 1 0
github.com/mcpmini/mini/cmd/mini/status.go:46.2,46.19 1 0
github.com/mcpmini/mini/cmd/mini/status.go:49.48,50.19 1 0
github.com/mcpmini/mini/cmd/mini/status.go:50.19,52.3 1 0
github.com/mcpmini/mini/cmd/mini/status.go:53.2,53.13 1 0
github.com/mcpmini/mini/cmd/mini/status.go:56.34,58.16 2 0
github.com/mcpmini/mini/cmd/mini/status.go:58.16,60.3 1 0
github.com/mcpmini/mini/cmd/mini/status.go:61.2,61.23 1 0
github.com/mcpmini/mini/cmd/mini/status.go:61.23,64.3 2 0
github.com/mcpmini/mini/cmd/mini/status.go:65.2,70.37 6 0
github.com/mcpmini/mini/cmd/mini/status.go:73.77,77.2 3 0
github.com/mcpmini/mini/cmd/mini/status.go:79.95,83.29 4 0
github.com/mcpmini/mini/cmd/mini/status.go:83.29,85.3 1 0
github.com/mcpmini/mini/cmd/mini/status.go:86.2,87.15 2 0
github.com/mcpmini/mini/cmd/mini/status.go:87.15,89.3 1 0
github.com/mcpmini/mini/cmd/mini/status.go:92.112,93.20 1 0
github.com/mcpmini/mini/cmd/mini/status.go:93.20,96.3 2 0
github.com/mcpmini/mini/cmd/mini/status.go:97.2,98.49 2 0
github.com/mcpmini/mini/cmd/mini/status.go:98.49,101.3 2 0
github.com/mcpmini/mini/cmd/mini/status.go:102.2,103.14 2 0
github.com/mcpmini/mini/cmd/mini/test.go:25.47,30.16 5 0
github.com/mcpmini/mini/cmd/mini/test.go:30.16,32.3 1 0
github.com/mcpmini/mini/cmd/mini/test.go:33.2,36.23 4 0
github.com/mcpmini/mini/cmd/mini/test.go:36.23,39.3 2 0
github.com/mcpmini/mini/cmd/mini/test.go:40.2,44.27 5 0
github.com/mcpmini/mini/cmd/mini/test.go:47.74,49.29 2 0
github.com/mcpmini/mini/cmd/mini/test.go:49.29,50.20 1 0
github.com/mcpmini/mini/cmd/mini/test.go:50.20,52.4 1 0
github.com/mcpmini/mini/cmd/mini/test.go:54.2,54.12 1 0
github.com/mcpmini/mini/cmd/mini/test.go:57.133,59.29 2 0
github.com/mcpmini/mini/cmd/mini/test.go:59.29,61.3 1 0
github.com/mcpmini/mini/cmd/mini/test.go:62.2,62.16 1 0
github.com/mcpmini/mini/cmd/mini/test.go:65.123,72.16 7 0
github.com/mcpmini/mini/cmd/mini/test.go:72.16,74.3 1 0
github.com/mcpmini/mini/cmd/mini/test.go:75.2,75.10 1 0
github.com/mcpmini/mini/cmd/mini/test.go:78.49,81.28 3 0
github.com/mcpmini/mini/cmd/mini/test.go:81.28,83.14 2 0
github.com/mcpmini/mini/cmd/mini/test.go:83.14,85.4 1 0
github.com/mcpmini/mini/cmd/mini/test.go:86.3,86.19 1 0
github.com/mcpmini/mini/cmd/mini/test.go:86.19,89.4 2 0
github.com/mcpmini/mini/cmd/mini/test.go:89.9,92.4 2 0
github.com/mcpmini/mini/cmd/mini/test.go:94.2,96.16 3 0
github.com/mcpmini/mini/cmd/mini/test.go:96.16,98.3 1 0
github.com/mcpmini/mini/cmd/mini/importers/claude.go:18.53,20.16 2 1
github.com/mcpmini/mini/cmd/mini/importers/claude.go:20.16,22.3 1 0
github.com/mcpmini/mini/cmd/mini/importers/claude.go:23.2,24.81 2 1
github.com/mcpmini/mini/cmd/mini/importers/claude.go:29.53,31.16 2 1
github.com/mcpmini/mini/cmd/mini/importers/claude.go:31.16,33.3 1 0
github.com/mcpmini/mini/cmd/mini/importers/claude.go:34.2,35.88 2 1
github.com/mcpmini/mini/cmd/mini/importers/claude.go:38.102,39.23 1 1
github.com/mcpmini/mini/cmd/mini/importers/claude.go:39.23,42.3 2 1
github.com/mcpmini/mini/cmd/mini/importers/claude.go:43.2,43.35 1 1
github.com/mcpmini/mini/cmd/mini/importers/claude.go:43.35,44.92 1 1
github.com/mcpmini/mini/cmd/mini/importers/claude.go:44.92,46.4 1 0
github.com/mcpmini/mini/cmd/mini/importers/claude.go:48.2,49.12 2 1
github.com/mcpmini/mini/cmd/mini/importers/claude.go:54.69,55.63 1 1
github.com/mcpmini/mini/cmd/mini/importers/claude.go:55.63,57.3 1 1
github.com/mcpmini/mini/cmd/mini/importers/claude.go:58.2,58.34 1 1
github.com/mcpmini/mini/cmd/mini/importers/claude.go:61.68,65.43 2 1
github.com/mcpmini/mini/cmd/mini/importers/claude.go:65.43,67.3 1 1
github.com/mcpmini/mini/cmd/mini/importers/claude.go:68.2,68.12 1 1
github.com/mcpmini/mini/cmd/mini/importers/claude.go:71.65,77.46 2 1
github.com/mcpmini/mini/cmd/mini/importers/claude.go:77.46,79.3 1 1
github.com/mcpmini/mini/cmd/mini/importers/claude.go:80.2,81.43 2 1
github.com/mcpmini/mini/cmd/mini/importers/claude.go:81.43,83.3 1 1
github.com/mcpmini/mini/cmd/mini/importers/claude.go:84.2,84.15 1 1
github.com/mcpmini/mini/cmd/mini/importers/claude.go:87.68,88.31 1 1
github.com/mcpmini/mini/cmd/mini/importers/claude.go:88.31,89.37 1 1
github.com/mcpmini/mini/cmd/mini/importers/claude.go:89.37,91.12 2 1
github.com/mcpmini/mini/cmd/mini/importers/claude.go:93.3,93.20 1 1
github.com/mcpmini/mini/cmd/mini/importers/claude.go:97.72,99.68 2 1
github.com/mcpmini/mini/cmd/mini/importers/claude.go:99.68,104.3 4 1
github.com/mcpmini/mini/cmd/mini/importers/claude.go:105.2,108.11 4 1
github.com/mcpmini/mini/cmd/mini/importers/codex.go:20.52,25.16 3 1
github.com/mcpmini/mini/cmd/mini/importers/codex.go:25.16,27.3 1 0
github.com/mcpmini/mini/cmd/mini/importers/codex.go:28.2,28.59 1 1
github.com/mcpmini/mini/cmd/mini/importers/codex.go:28.59,30.3 1 1
github.com/mcpmini/mini/cmd/mini/importers/codex.go:31.2,31.30 1 1
github.com/mcpmini/mini/cmd/mini/importers/codex.go:31.30,34.3 2 0
github.com/mcpmini/mini/cmd/mini/importers/codex.go:35.2,35.42 1 1
github.com/mcpmini/mini/cmd/mini/importers/codex.go:35.42,36.91 1 1
github.com/mcpmini/mini/cmd/mini/importers/codex.go:36.91,38.4 1 0
github.com/mcpmini/mini/cmd/mini/importers/codex.go:40.2,41.12 2 1
github.com/mcpmini/mini/cmd/mini/importers/codex.go:44.70,46.50 2 1
github.com/mcpmini/mini/cmd/mini/importers/codex.go:46.50,51.3 4 1
github.com/mcpmini/mini/cmd/mini/importers/codex.go:52.2,55.11 4 1
github.com/mcpmini/mini/cmd/mini/importers/gemini.go:18.53,23.16 3 1
github.com/mcpmini/mini/cmd/mini/importers/gemini.go:23.16,25.3 1 0
github.com/mcpmini/mini/cmd/mini/importers/gemini.go:26.2,26.51 1 1
github.com/mcpmini/mini/cmd/mini/importers/gemini.go:26.51,28.3 1 1
github.com/mcpmini/mini/cmd/mini/importers/gemini.go:29.2,29.30 1 1
github.com/mcpmini/mini/cmd/mini/importers/gemini.go:29.30,32.3 2 0
github.com/mcpmini/mini/cmd/mini/importers/gemini.go:33.2,33.42 1 1
github.com/mcpmini/mini/cmd/mini/importers/gemini.go:33.42,34.92 1 1
github.com/mcpmini/mini/cmd/mini/importers/gemini.go:34.92,36.4 1 0
github.com/mcpmini/mini/cmd/mini/importers/gemini.go:38.2,39.12 2 1
github.com/mcpmini/mini/cmd/mini/importers/gemini.go:42.72,44.25 2 1
github.com/mcpmini/mini/cmd/mini/importers/gemini.go:44.25,49.3 4 1
github.com/mcpmini/mini/cmd/mini/importers/gemini.go:50.2,53.11 4 1
github.com/mcpmini/mini/cmd/mini/importers/openclaw.go:18.55,25.16 3 0
github.com/mcpmini/mini/cmd/mini/importers/openclaw.go:25.16,27.3 1 0
github.com/mcpmini/mini/cmd/mini/importers/openclaw.go:28.2,28.51 1 0
github.com/mcpmini/mini/cmd/mini/importers/openclaw.go:28.51,30.3 1 0
github.com/mcpmini/mini/cmd/mini/importers/openclaw.go:31.2,31.31 1 0
github.com/mcpmini/mini/cmd/mini/importers/openclaw.go:31.31,34.3 2 0
github.com/mcpmini/mini/cmd/mini/importers/openclaw.go:35.2,35.43 1 0
github.com/mcpmini/mini/cmd/mini/importers/openclaw.go:35.43,36.94 1 0
github.com/mcpmini/mini/cmd/mini/importers/openclaw.go:36.94,38.4 1 0
github.com/mcpmini/mini/cmd/mini/importers/openclaw.go:40.2,41.12 2 0
github.com/mcpmini/mini/cmd/mini/importers/openclaw.go:44.76,46.21 2 0
github.com/mcpmini/mini/cmd/mini/importers/openclaw.go:46.21,51.3 4 0
github.com/mcpmini/mini/cmd/mini/importers/openclaw.go:52.2,55.11 4 0
github.com/mcpmini/mini/cmd/mini/importers/shared.go:29.50,31.16 2 1
github.com/mcpmini/mini/cmd/mini/importers/shared.go:31.16,33.3 1 1
github.com/mcpmini/mini/cmd/mini/importers/shared.go:34.2,34.40 1 1
github.com/mcpmini/mini/cmd/mini/importers/shared.go:34.40,36.3 1 1
github.com/mcpmini/mini/cmd/mini/importers/shared.go:37.2,38.16 2 1
github.com/mcpmini/mini/cmd/mini/importers/shared.go:38.16,40.3 1 0
github.com/mcpmini/mini/cmd/mini/importers/shared.go:41.2,41.18 1 1
github.com/mcpmini/mini/cmd/mini/importers/shared.go:46.67,48.2 1 1
github.com/mcpmini/mini/cmd/mini/importers/shared.go:51.64,53.2 1 0
github.com/mcpmini/mini/cmd/mini/importers/shared.go:55.69,65.27 2 1
github.com/mcpmini/mini/cmd/mini/importers/shared.go:65.27,70.3 1 0
github.com/mcpmini/mini/cmd/mini/importers/shared.go:71.2,71.12 1 1
github.com/mcpmini/mini/cmd/mini/importers/shared.go:74.46,76.24 2 1
github.com/mcpmini/mini/cmd/mini/importers/shared.go:76.24,78.3 1 1
github.com/mcpmini/mini/cmd/mini/importers/shared.go:79.2,79.12 1 1
